<?xml version="1.0" encoding="UTF-8"?>
<testsuite name="ConwayTester" tests="1" skipped="0" failures="0" errors="0" timestamp="2020-04-06T13:24:20" hostname="admin1-ThinkCentre-M72e" time="0.013">
  <properties/>
  <testcase name="givenTestCase()" classname="ConwayTester" time="0.013"/>
  <system-out><![CDATA[]]></system-out>
  <system-err><![CDATA[]]></system-err>
</testsuite>
